INFO - 2024-10-30 11:58:15 --> Session: Class initialized using 'CodeIgniter\Session\Handlers\FileHandler' driver.
CRITICAL - 2024-10-30 11:58:15 --> ErrorException: Trying to access array offset on value of type null
[Method: POST, Route: crearPlanta]
in APPPATH\Controllers\CPlanta.php on line 44.
 1 APPPATH\Controllers\CPlanta.php(44): CodeIgniter\Debug\Exceptions->errorHandler(2, 'Trying to access array offset on value of type null', 'C:\\xampp\\htdocs\\tesina\\app\\Controllers\\CPlanta.php', 44)
 2 SYSTEMPATH\CodeIgniter.php(933): App\Controllers\CPlanta->crearPlanta()
 3 SYSTEMPATH\CodeIgniter.php(509): CodeIgniter\CodeIgniter->runController(Object(App\Controllers\CPlanta))
 4 SYSTEMPATH\CodeIgniter.php(355): CodeIgniter\CodeIgniter->handleRequest(null, Object(Config\Cache), false)
 5 SYSTEMPATH\Boot.php(312): CodeIgniter\CodeIgniter->run()
 6 SYSTEMPATH\Boot.php(67): CodeIgniter\Boot::runCodeIgniter(Object(CodeIgniter\CodeIgniter))
 7 FCPATH\index.php(56): CodeIgniter\Boot::bootWeb(Object(Config\Paths))
INFO - 2024-10-30 12:33:11 --> Session: Class initialized using 'CodeIgniter\Session\Handlers\FileHandler' driver.
INFO - 2024-10-30 12:33:36 --> Session: Class initialized using 'CodeIgniter\Session\Handlers\FileHandler' driver.
WARNING - 2024-10-30 12:33:36 --> [DEPRECATED] Creation of dynamic property App\Controllers\Home::$session is deprecated in APPPATH\Controllers\BaseController.php on line 55.
 1 SYSTEMPATH\CodeIgniter.php(904): App\Controllers\BaseController->initController(Object(CodeIgniter\HTTP\IncomingRequest), Object(CodeIgniter\HTTP\Response), Object(CodeIgniter\Log\Logger))
 2 SYSTEMPATH\CodeIgniter.php(500): CodeIgniter\CodeIgniter->createController()
 3 SYSTEMPATH\CodeIgniter.php(355): CodeIgniter\CodeIgniter->handleRequest(null, Object(Config\Cache), false)
 4 SYSTEMPATH\Boot.php(312): CodeIgniter\CodeIgniter->run()
 5 SYSTEMPATH\Boot.php(67): CodeIgniter\Boot::runCodeIgniter(Object(CodeIgniter\CodeIgniter))
 6 FCPATH\index.php(56): CodeIgniter\Boot::bootWeb(Object(Config\Paths))
INFO - 2024-10-30 12:33:38 --> Session: Class initialized using 'CodeIgniter\Session\Handlers\FileHandler' driver.
WARNING - 2024-10-30 12:33:38 --> [DEPRECATED] Creation of dynamic property App\Controllers\CAutenticacion::$session is deprecated in APPPATH\Controllers\BaseController.php on line 55.
 1 SYSTEMPATH\CodeIgniter.php(904): App\Controllers\BaseController->initController(Object(CodeIgniter\HTTP\IncomingRequest), Object(CodeIgniter\HTTP\Response), Object(CodeIgniter\Log\Logger))
 2 SYSTEMPATH\CodeIgniter.php(500): CodeIgniter\CodeIgniter->createController()
 3 SYSTEMPATH\CodeIgniter.php(355): CodeIgniter\CodeIgniter->handleRequest(null, Object(Config\Cache), false)
 4 SYSTEMPATH\Boot.php(312): CodeIgniter\CodeIgniter->run()
 5 SYSTEMPATH\Boot.php(67): CodeIgniter\Boot::runCodeIgniter(Object(CodeIgniter\CodeIgniter))
 6 FCPATH\index.php(56): CodeIgniter\Boot::bootWeb(Object(Config\Paths))
INFO - 2024-10-30 12:33:44 --> Session: Class initialized using 'CodeIgniter\Session\Handlers\FileHandler' driver.
WARNING - 2024-10-30 12:33:44 --> [DEPRECATED] Creation of dynamic property App\Controllers\CAutenticacion::$session is deprecated in APPPATH\Controllers\BaseController.php on line 55.
 1 SYSTEMPATH\CodeIgniter.php(904): App\Controllers\BaseController->initController(Object(CodeIgniter\HTTP\IncomingRequest), Object(CodeIgniter\HTTP\Response), Object(CodeIgniter\Log\Logger))
 2 SYSTEMPATH\CodeIgniter.php(500): CodeIgniter\CodeIgniter->createController()
 3 SYSTEMPATH\CodeIgniter.php(355): CodeIgniter\CodeIgniter->handleRequest(null, Object(Config\Cache), false)
 4 SYSTEMPATH\Boot.php(312): CodeIgniter\CodeIgniter->run()
 5 SYSTEMPATH\Boot.php(67): CodeIgniter\Boot::runCodeIgniter(Object(CodeIgniter\CodeIgniter))
 6 FCPATH\index.php(56): CodeIgniter\Boot::bootWeb(Object(Config\Paths))
INFO - 2024-10-30 12:33:45 --> Session: Class initialized using 'CodeIgniter\Session\Handlers\FileHandler' driver.
WARNING - 2024-10-30 12:33:45 --> [DEPRECATED] Creation of dynamic property App\Controllers\Home::$session is deprecated in APPPATH\Controllers\BaseController.php on line 55.
 1 SYSTEMPATH\CodeIgniter.php(904): App\Controllers\BaseController->initController(Object(CodeIgniter\HTTP\IncomingRequest), Object(CodeIgniter\HTTP\Response), Object(CodeIgniter\Log\Logger))
 2 SYSTEMPATH\CodeIgniter.php(500): CodeIgniter\CodeIgniter->createController()
 3 SYSTEMPATH\CodeIgniter.php(355): CodeIgniter\CodeIgniter->handleRequest(null, Object(Config\Cache), false)
 4 SYSTEMPATH\Boot.php(312): CodeIgniter\CodeIgniter->run()
 5 SYSTEMPATH\Boot.php(67): CodeIgniter\Boot::runCodeIgniter(Object(CodeIgniter\CodeIgniter))
 6 FCPATH\index.php(56): CodeIgniter\Boot::bootWeb(Object(Config\Paths))
INFO - 2024-10-30 12:33:48 --> Session: Class initialized using 'CodeIgniter\Session\Handlers\FileHandler' driver.
INFO - 2024-10-30 12:33:56 --> Session: Class initialized using 'CodeIgniter\Session\Handlers\FileHandler' driver.
INFO - 2024-10-30 12:33:56 --> Session: Class initialized using 'CodeIgniter\Session\Handlers\FileHandler' driver.
INFO - 2024-10-30 12:34:03 --> Session: Class initialized using 'CodeIgniter\Session\Handlers\FileHandler' driver.
INFO - 2024-10-30 12:34:04 --> Session: Class initialized using 'CodeIgniter\Session\Handlers\FileHandler' driver.
INFO - 2024-10-30 12:35:58 --> Session: Class initialized using 'CodeIgniter\Session\Handlers\FileHandler' driver.
INFO - 2024-10-30 12:35:58 --> Session: Class initialized using 'CodeIgniter\Session\Handlers\FileHandler' driver.
INFO - 2024-10-30 12:36:03 --> Session: Class initialized using 'CodeIgniter\Session\Handlers\FileHandler' driver.
INFO - 2024-10-30 12:36:04 --> Session: Class initialized using 'CodeIgniter\Session\Handlers\FileHandler' driver.
INFO - 2024-10-30 12:36:07 --> Session: Class initialized using 'CodeIgniter\Session\Handlers\FileHandler' driver.
INFO - 2024-10-30 12:36:07 --> Session: Class initialized using 'CodeIgniter\Session\Handlers\FileHandler' driver.
INFO - 2024-10-30 12:36:31 --> Session: Class initialized using 'CodeIgniter\Session\Handlers\FileHandler' driver.
INFO - 2024-10-30 12:36:33 --> Session: Class initialized using 'CodeIgniter\Session\Handlers\FileHandler' driver.
ERROR - 2024-10-30 12:36:33 --> mysqli_sql_exception: Table 'tesina.lecturas_humedad' doesn't exist in C:\xampp\htdocs\tesina\system\Database\MySQLi\Connection.php:308
Stack trace:
#0 C:\xampp\htdocs\tesina\system\Database\MySQLi\Connection.php(308): mysqli->query('SELECT `lh`.`fe...', 0)
#1 C:\xampp\htdocs\tesina\system\Database\BaseConnection.php(722): CodeIgniter\Database\MySQLi\Connection->execute('SELECT `lh`.`fe...')
#2 C:\xampp\htdocs\tesina\system\Database\BaseConnection.php(636): CodeIgniter\Database\BaseConnection->simpleQuery('SELECT `lh`.`fe...')
#3 C:\xampp\htdocs\tesina\system\Database\BaseBuilder.php(1629): CodeIgniter\Database\BaseConnection->query('SELECT `lh`.`fe...', Array, false)
#4 C:\xampp\htdocs\tesina\app\Models\LecturaModel.php(18): CodeIgniter\Database\BaseBuilder->get()
#5 C:\xampp\htdocs\tesina\app\Controllers\CLectura.php(28): App\Models\LecturaModel->obtenerLecturasPorPlanta('21')
#6 C:\xampp\htdocs\tesina\system\CodeIgniter.php(933): App\Controllers\CLectura->visualizarDatos('21')
#7 C:\xampp\htdocs\tesina\system\CodeIgniter.php(509): CodeIgniter\CodeIgniter->runController(Object(App\Controllers\CLectura))
#8 C:\xampp\htdocs\tesina\system\CodeIgniter.php(355): CodeIgniter\CodeIgniter->handleRequest(NULL, Object(Config\Cache), false)
#9 C:\xampp\htdocs\tesina\system\Boot.php(312): CodeIgniter\CodeIgniter->run()
#10 C:\xampp\htdocs\tesina\system\Boot.php(67): CodeIgniter\Boot::runCodeIgniter(Object(CodeIgniter\CodeIgniter))
#11 C:\xampp\htdocs\tesina\public\index.php(56): CodeIgniter\Boot::bootWeb(Object(Config\Paths))
#12 {main}
CRITICAL - 2024-10-30 12:36:33 --> CodeIgniter\Database\Exceptions\DatabaseException: Table 'tesina.lecturas_humedad' doesn't exist
[Method: GET, Route: visualizarDatos/21]
in SYSTEMPATH\Database\BaseConnection.php on line 676.
 1 SYSTEMPATH\Database\BaseBuilder.php(1629): CodeIgniter\Database\BaseConnection->query('SELECT `lh`.`fecha_hora`, `lh`.`nivel_humedad`
FROM `lecturas_humedad` `lh`
JOIN `configuracion_riego` `cr` ON `lh`.`id_dispositivo` = `cr`.`id_dispositivo`
WHERE `cr`.`id_planta` = :cr.id_planta:
ORDER BY `lh`.`fecha_hora` DESC', [...], false)
 2 APPPATH\Models\LecturaModel.php(18): CodeIgniter\Database\BaseBuilder->get()
 3 APPPATH\Controllers\CLectura.php(28): App\Models\LecturaModel->obtenerLecturasPorPlanta('21')
 4 SYSTEMPATH\CodeIgniter.php(933): App\Controllers\CLectura->visualizarDatos('21')
 5 SYSTEMPATH\CodeIgniter.php(509): CodeIgniter\CodeIgniter->runController(Object(App\Controllers\CLectura))
 6 SYSTEMPATH\CodeIgniter.php(355): CodeIgniter\CodeIgniter->handleRequest(null, Object(Config\Cache), false)
 7 SYSTEMPATH\Boot.php(312): CodeIgniter\CodeIgniter->run()
 8 SYSTEMPATH\Boot.php(67): CodeIgniter\Boot::runCodeIgniter(Object(CodeIgniter\CodeIgniter))
 9 FCPATH\index.php(56): CodeIgniter\Boot::bootWeb(Object(Config\Paths))
CRITICAL - 2024-10-30 12:36:33 --> [Caused by] CodeIgniter\Database\Exceptions\DatabaseException: Table 'tesina.lecturas_humedad' doesn't exist
in SYSTEMPATH\Database\MySQLi\Connection.php on line 313.
 1 SYSTEMPATH\Database\BaseConnection.php(722): CodeIgniter\Database\MySQLi\Connection->execute('SELECT `lh`.`fecha_hora`, `lh`.`nivel_humedad`
FROM `lecturas_humedad` `lh`
JOIN `configuracion_riego` `cr` ON `lh`.`id_dispositivo` = `cr`.`id_dispositivo`
WHERE `cr`.`id_planta` = \'21\'
ORDER BY `lh`.`fecha_hora` DESC')
 2 SYSTEMPATH\Database\BaseConnection.php(636): CodeIgniter\Database\BaseConnection->simpleQuery('SELECT `lh`.`fecha_hora`, `lh`.`nivel_humedad`
FROM `lecturas_humedad` `lh`
JOIN `configuracion_riego` `cr` ON `lh`.`id_dispositivo` = `cr`.`id_dispositivo`
WHERE `cr`.`id_planta` = \'21\'
ORDER BY `lh`.`fecha_hora` DESC')
 3 SYSTEMPATH\Database\BaseBuilder.php(1629): CodeIgniter\Database\BaseConnection->query('SELECT `lh`.`fecha_hora`, `lh`.`nivel_humedad`
FROM `lecturas_humedad` `lh`
JOIN `configuracion_riego` `cr` ON `lh`.`id_dispositivo` = `cr`.`id_dispositivo`
WHERE `cr`.`id_planta` = :cr.id_planta:
ORDER BY `lh`.`fecha_hora` DESC', [...], false)
 4 APPPATH\Models\LecturaModel.php(18): CodeIgniter\Database\BaseBuilder->get()
 5 APPPATH\Controllers\CLectura.php(28): App\Models\LecturaModel->obtenerLecturasPorPlanta('21')
 6 SYSTEMPATH\CodeIgniter.php(933): App\Controllers\CLectura->visualizarDatos('21')
 7 SYSTEMPATH\CodeIgniter.php(509): CodeIgniter\CodeIgniter->runController(Object(App\Controllers\CLectura))
 8 SYSTEMPATH\CodeIgniter.php(355): CodeIgniter\CodeIgniter->handleRequest(null, Object(Config\Cache), false)
 9 SYSTEMPATH\Boot.php(312): CodeIgniter\CodeIgniter->run()
10 SYSTEMPATH\Boot.php(67): CodeIgniter\Boot::runCodeIgniter(Object(CodeIgniter\CodeIgniter))
11 FCPATH\index.php(56): CodeIgniter\Boot::bootWeb(Object(Config\Paths))
CRITICAL - 2024-10-30 12:36:33 --> [Caused by] mysqli_sql_exception: Table 'tesina.lecturas_humedad' doesn't exist
in SYSTEMPATH\Database\MySQLi\Connection.php on line 308.
 1 SYSTEMPATH\Database\MySQLi\Connection.php(308): mysqli->query('SELECT `lh`.`fecha_hora`, `lh`.`nivel_humedad`
FROM `lecturas_humedad` `lh`
JOIN `configuracion_riego` `cr` ON `lh`.`id_dispositivo` = `cr`.`id_dispositivo`
WHERE `cr`.`id_planta` = \'21\'
ORDER BY `lh`.`fecha_hora` DESC', 0)
 2 SYSTEMPATH\Database\BaseConnection.php(722): CodeIgniter\Database\MySQLi\Connection->execute('SELECT `lh`.`fecha_hora`, `lh`.`nivel_humedad`
FROM `lecturas_humedad` `lh`
JOIN `configuracion_riego` `cr` ON `lh`.`id_dispositivo` = `cr`.`id_dispositivo`
WHERE `cr`.`id_planta` = \'21\'
ORDER BY `lh`.`fecha_hora` DESC')
 3 SYSTEMPATH\Database\BaseConnection.php(636): CodeIgniter\Database\BaseConnection->simpleQuery('SELECT `lh`.`fecha_hora`, `lh`.`nivel_humedad`
FROM `lecturas_humedad` `lh`
JOIN `configuracion_riego` `cr` ON `lh`.`id_dispositivo` = `cr`.`id_dispositivo`
WHERE `cr`.`id_planta` = \'21\'
ORDER BY `lh`.`fecha_hora` DESC')
 4 SYSTEMPATH\Database\BaseBuilder.php(1629): CodeIgniter\Database\BaseConnection->query('SELECT `lh`.`fecha_hora`, `lh`.`nivel_humedad`
FROM `lecturas_humedad` `lh`
JOIN `configuracion_riego` `cr` ON `lh`.`id_dispositivo` = `cr`.`id_dispositivo`
WHERE `cr`.`id_planta` = :cr.id_planta:
ORDER BY `lh`.`fecha_hora` DESC', [...], false)
 5 APPPATH\Models\LecturaModel.php(18): CodeIgniter\Database\BaseBuilder->get()
 6 APPPATH\Controllers\CLectura.php(28): App\Models\LecturaModel->obtenerLecturasPorPlanta('21')
 7 SYSTEMPATH\CodeIgniter.php(933): App\Controllers\CLectura->visualizarDatos('21')
 8 SYSTEMPATH\CodeIgniter.php(509): CodeIgniter\CodeIgniter->runController(Object(App\Controllers\CLectura))
 9 SYSTEMPATH\CodeIgniter.php(355): CodeIgniter\CodeIgniter->handleRequest(null, Object(Config\Cache), false)
10 SYSTEMPATH\Boot.php(312): CodeIgniter\CodeIgniter->run()
11 SYSTEMPATH\Boot.php(67): CodeIgniter\Boot::runCodeIgniter(Object(CodeIgniter\CodeIgniter))
12 FCPATH\index.php(56): CodeIgniter\Boot::bootWeb(Object(Config\Paths))
INFO - 2024-10-30 12:41:40 --> Session: Class initialized using 'CodeIgniter\Session\Handlers\FileHandler' driver.
INFO - 2024-10-30 12:44:11 --> Session: Class initialized using 'CodeIgniter\Session\Handlers\FileHandler' driver.
WARNING - 2024-10-30 12:44:11 --> [DEPRECATED] Creation of dynamic property App\Controllers\CMedicion::$session is deprecated in APPPATH\Controllers\BaseController.php on line 55.
 1 SYSTEMPATH\CodeIgniter.php(904): App\Controllers\BaseController->initController(Object(CodeIgniter\HTTP\IncomingRequest), Object(CodeIgniter\HTTP\Response), Object(CodeIgniter\Log\Logger))
 2 SYSTEMPATH\CodeIgniter.php(500): CodeIgniter\CodeIgniter->createController()
 3 SYSTEMPATH\CodeIgniter.php(355): CodeIgniter\CodeIgniter->handleRequest(null, Object(Config\Cache), false)
 4 SYSTEMPATH\Boot.php(312): CodeIgniter\CodeIgniter->run()
 5 SYSTEMPATH\Boot.php(67): CodeIgniter\Boot::runCodeIgniter(Object(CodeIgniter\CodeIgniter))
 6 FCPATH\index.php(56): CodeIgniter\Boot::bootWeb(Object(Config\Paths))
INFO - 2024-10-30 12:44:13 --> Session: Class initialized using 'CodeIgniter\Session\Handlers\FileHandler' driver.
INFO - 2024-10-30 12:44:14 --> Session: Class initialized using 'CodeIgniter\Session\Handlers\FileHandler' driver.
ERROR - 2024-10-30 12:44:14 --> mysqli_sql_exception: Table 'tesina.lecturas_humedad' doesn't exist in C:\xampp\htdocs\tesina\system\Database\MySQLi\Connection.php:308
Stack trace:
#0 C:\xampp\htdocs\tesina\system\Database\MySQLi\Connection.php(308): mysqli->query('SELECT `lh`.`fe...', 0)
#1 C:\xampp\htdocs\tesina\system\Database\BaseConnection.php(722): CodeIgniter\Database\MySQLi\Connection->execute('SELECT `lh`.`fe...')
#2 C:\xampp\htdocs\tesina\system\Database\BaseConnection.php(636): CodeIgniter\Database\BaseConnection->simpleQuery('SELECT `lh`.`fe...')
#3 C:\xampp\htdocs\tesina\system\Database\BaseBuilder.php(1629): CodeIgniter\Database\BaseConnection->query('SELECT `lh`.`fe...', Array, false)
#4 C:\xampp\htdocs\tesina\app\Models\LecturaModel.php(18): CodeIgniter\Database\BaseBuilder->get()
#5 C:\xampp\htdocs\tesina\app\Controllers\CLectura.php(28): App\Models\LecturaModel->obtenerLecturasPorPlanta('21')
#6 C:\xampp\htdocs\tesina\system\CodeIgniter.php(933): App\Controllers\CLectura->visualizarDatos('21')
#7 C:\xampp\htdocs\tesina\system\CodeIgniter.php(509): CodeIgniter\CodeIgniter->runController(Object(App\Controllers\CLectura))
#8 C:\xampp\htdocs\tesina\system\CodeIgniter.php(355): CodeIgniter\CodeIgniter->handleRequest(NULL, Object(Config\Cache), false)
#9 C:\xampp\htdocs\tesina\system\Boot.php(312): CodeIgniter\CodeIgniter->run()
#10 C:\xampp\htdocs\tesina\system\Boot.php(67): CodeIgniter\Boot::runCodeIgniter(Object(CodeIgniter\CodeIgniter))
#11 C:\xampp\htdocs\tesina\public\index.php(56): CodeIgniter\Boot::bootWeb(Object(Config\Paths))
#12 {main}
CRITICAL - 2024-10-30 12:44:14 --> CodeIgniter\Database\Exceptions\DatabaseException: Table 'tesina.lecturas_humedad' doesn't exist
[Method: GET, Route: visualizarDatos/21]
in SYSTEMPATH\Database\BaseConnection.php on line 676.
 1 SYSTEMPATH\Database\BaseBuilder.php(1629): CodeIgniter\Database\BaseConnection->query('SELECT `lh`.`fecha_hora`, `lh`.`nivel_humedad`
FROM `lecturas_humedad` `lh`
JOIN `configuracion_riego` `cr` ON `lh`.`id_dispositivo` = `cr`.`id_dispositivo`
WHERE `cr`.`id_planta` = :cr.id_planta:
ORDER BY `lh`.`fecha_hora` DESC', [...], false)
 2 APPPATH\Models\LecturaModel.php(18): CodeIgniter\Database\BaseBuilder->get()
 3 APPPATH\Controllers\CLectura.php(28): App\Models\LecturaModel->obtenerLecturasPorPlanta('21')
 4 SYSTEMPATH\CodeIgniter.php(933): App\Controllers\CLectura->visualizarDatos('21')
 5 SYSTEMPATH\CodeIgniter.php(509): CodeIgniter\CodeIgniter->runController(Object(App\Controllers\CLectura))
 6 SYSTEMPATH\CodeIgniter.php(355): CodeIgniter\CodeIgniter->handleRequest(null, Object(Config\Cache), false)
 7 SYSTEMPATH\Boot.php(312): CodeIgniter\CodeIgniter->run()
 8 SYSTEMPATH\Boot.php(67): CodeIgniter\Boot::runCodeIgniter(Object(CodeIgniter\CodeIgniter))
 9 FCPATH\index.php(56): CodeIgniter\Boot::bootWeb(Object(Config\Paths))
CRITICAL - 2024-10-30 12:44:14 --> [Caused by] CodeIgniter\Database\Exceptions\DatabaseException: Table 'tesina.lecturas_humedad' doesn't exist
in SYSTEMPATH\Database\MySQLi\Connection.php on line 313.
 1 SYSTEMPATH\Database\BaseConnection.php(722): CodeIgniter\Database\MySQLi\Connection->execute('SELECT `lh`.`fecha_hora`, `lh`.`nivel_humedad`
FROM `lecturas_humedad` `lh`
JOIN `configuracion_riego` `cr` ON `lh`.`id_dispositivo` = `cr`.`id_dispositivo`
WHERE `cr`.`id_planta` = \'21\'
ORDER BY `lh`.`fecha_hora` DESC')
 2 SYSTEMPATH\Database\BaseConnection.php(636): CodeIgniter\Database\BaseConnection->simpleQuery('SELECT `lh`.`fecha_hora`, `lh`.`nivel_humedad`
FROM `lecturas_humedad` `lh`
JOIN `configuracion_riego` `cr` ON `lh`.`id_dispositivo` = `cr`.`id_dispositivo`
WHERE `cr`.`id_planta` = \'21\'
ORDER BY `lh`.`fecha_hora` DESC')
 3 SYSTEMPATH\Database\BaseBuilder.php(1629): CodeIgniter\Database\BaseConnection->query('SELECT `lh`.`fecha_hora`, `lh`.`nivel_humedad`
FROM `lecturas_humedad` `lh`
JOIN `configuracion_riego` `cr` ON `lh`.`id_dispositivo` = `cr`.`id_dispositivo`
WHERE `cr`.`id_planta` = :cr.id_planta:
ORDER BY `lh`.`fecha_hora` DESC', [...], false)
 4 APPPATH\Models\LecturaModel.php(18): CodeIgniter\Database\BaseBuilder->get()
 5 APPPATH\Controllers\CLectura.php(28): App\Models\LecturaModel->obtenerLecturasPorPlanta('21')
 6 SYSTEMPATH\CodeIgniter.php(933): App\Controllers\CLectura->visualizarDatos('21')
 7 SYSTEMPATH\CodeIgniter.php(509): CodeIgniter\CodeIgniter->runController(Object(App\Controllers\CLectura))
 8 SYSTEMPATH\CodeIgniter.php(355): CodeIgniter\CodeIgniter->handleRequest(null, Object(Config\Cache), false)
 9 SYSTEMPATH\Boot.php(312): CodeIgniter\CodeIgniter->run()
10 SYSTEMPATH\Boot.php(67): CodeIgniter\Boot::runCodeIgniter(Object(CodeIgniter\CodeIgniter))
11 FCPATH\index.php(56): CodeIgniter\Boot::bootWeb(Object(Config\Paths))
CRITICAL - 2024-10-30 12:44:14 --> [Caused by] mysqli_sql_exception: Table 'tesina.lecturas_humedad' doesn't exist
in SYSTEMPATH\Database\MySQLi\Connection.php on line 308.
 1 SYSTEMPATH\Database\MySQLi\Connection.php(308): mysqli->query('SELECT `lh`.`fecha_hora`, `lh`.`nivel_humedad`
FROM `lecturas_humedad` `lh`
JOIN `configuracion_riego` `cr` ON `lh`.`id_dispositivo` = `cr`.`id_dispositivo`
WHERE `cr`.`id_planta` = \'21\'
ORDER BY `lh`.`fecha_hora` DESC', 0)
 2 SYSTEMPATH\Database\BaseConnection.php(722): CodeIgniter\Database\MySQLi\Connection->execute('SELECT `lh`.`fecha_hora`, `lh`.`nivel_humedad`
FROM `lecturas_humedad` `lh`
JOIN `configuracion_riego` `cr` ON `lh`.`id_dispositivo` = `cr`.`id_dispositivo`
WHERE `cr`.`id_planta` = \'21\'
ORDER BY `lh`.`fecha_hora` DESC')
 3 SYSTEMPATH\Database\BaseConnection.php(636): CodeIgniter\Database\BaseConnection->simpleQuery('SELECT `lh`.`fecha_hora`, `lh`.`nivel_humedad`
FROM `lecturas_humedad` `lh`
JOIN `configuracion_riego` `cr` ON `lh`.`id_dispositivo` = `cr`.`id_dispositivo`
WHERE `cr`.`id_planta` = \'21\'
ORDER BY `lh`.`fecha_hora` DESC')
 4 SYSTEMPATH\Database\BaseBuilder.php(1629): CodeIgniter\Database\BaseConnection->query('SELECT `lh`.`fecha_hora`, `lh`.`nivel_humedad`
FROM `lecturas_humedad` `lh`
JOIN `configuracion_riego` `cr` ON `lh`.`id_dispositivo` = `cr`.`id_dispositivo`
WHERE `cr`.`id_planta` = :cr.id_planta:
ORDER BY `lh`.`fecha_hora` DESC', [...], false)
 5 APPPATH\Models\LecturaModel.php(18): CodeIgniter\Database\BaseBuilder->get()
 6 APPPATH\Controllers\CLectura.php(28): App\Models\LecturaModel->obtenerLecturasPorPlanta('21')
 7 SYSTEMPATH\CodeIgniter.php(933): App\Controllers\CLectura->visualizarDatos('21')
 8 SYSTEMPATH\CodeIgniter.php(509): CodeIgniter\CodeIgniter->runController(Object(App\Controllers\CLectura))
 9 SYSTEMPATH\CodeIgniter.php(355): CodeIgniter\CodeIgniter->handleRequest(null, Object(Config\Cache), false)
10 SYSTEMPATH\Boot.php(312): CodeIgniter\CodeIgniter->run()
11 SYSTEMPATH\Boot.php(67): CodeIgniter\Boot::runCodeIgniter(Object(CodeIgniter\CodeIgniter))
12 FCPATH\index.php(56): CodeIgniter\Boot::bootWeb(Object(Config\Paths))
INFO - 2024-10-30 12:44:18 --> Session: Class initialized using 'CodeIgniter\Session\Handlers\FileHandler' driver.
INFO - 2024-10-30 12:45:42 --> Session: Class initialized using 'CodeIgniter\Session\Handlers\FileHandler' driver.
ERROR - 2024-10-30 12:45:42 --> mysqli_sql_exception: Table 'tesina.lecturas_humedad' doesn't exist in C:\xampp\htdocs\tesina\system\Database\MySQLi\Connection.php:308
Stack trace:
#0 C:\xampp\htdocs\tesina\system\Database\MySQLi\Connection.php(308): mysqli->query('SELECT `lh`.`fe...', 0)
#1 C:\xampp\htdocs\tesina\system\Database\BaseConnection.php(722): CodeIgniter\Database\MySQLi\Connection->execute('SELECT `lh`.`fe...')
#2 C:\xampp\htdocs\tesina\system\Database\BaseConnection.php(636): CodeIgniter\Database\BaseConnection->simpleQuery('SELECT `lh`.`fe...')
#3 C:\xampp\htdocs\tesina\system\Database\BaseBuilder.php(1629): CodeIgniter\Database\BaseConnection->query('SELECT `lh`.`fe...', Array, false)
#4 C:\xampp\htdocs\tesina\app\Models\LecturaModel.php(18): CodeIgniter\Database\BaseBuilder->get()
#5 C:\xampp\htdocs\tesina\app\Controllers\CLectura.php(28): App\Models\LecturaModel->obtenerLecturasPorPlanta('21')
#6 C:\xampp\htdocs\tesina\system\CodeIgniter.php(933): App\Controllers\CLectura->visualizarDatos('21')
#7 C:\xampp\htdocs\tesina\system\CodeIgniter.php(509): CodeIgniter\CodeIgniter->runController(Object(App\Controllers\CLectura))
#8 C:\xampp\htdocs\tesina\system\CodeIgniter.php(355): CodeIgniter\CodeIgniter->handleRequest(NULL, Object(Config\Cache), false)
#9 C:\xampp\htdocs\tesina\system\Boot.php(312): CodeIgniter\CodeIgniter->run()
#10 C:\xampp\htdocs\tesina\system\Boot.php(67): CodeIgniter\Boot::runCodeIgniter(Object(CodeIgniter\CodeIgniter))
#11 C:\xampp\htdocs\tesina\public\index.php(56): CodeIgniter\Boot::bootWeb(Object(Config\Paths))
#12 {main}
CRITICAL - 2024-10-30 12:45:42 --> CodeIgniter\Database\Exceptions\DatabaseException: Table 'tesina.lecturas_humedad' doesn't exist
[Method: GET, Route: visualizarDatos/21]
in SYSTEMPATH\Database\BaseConnection.php on line 676.
 1 SYSTEMPATH\Database\BaseBuilder.php(1629): CodeIgniter\Database\BaseConnection->query('SELECT `lh`.`fecha_hora`, `lh`.`nivel_humedad`
FROM `lecturas_humedad` `lh`
JOIN `configuracion_riego` `cr` ON `lh`.`id_dispositivo` = `cr`.`id_dispositivo`
WHERE `cr`.`id_planta` = :cr.id_planta:
ORDER BY `lh`.`fecha_hora` DESC', [...], false)
 2 APPPATH\Models\LecturaModel.php(18): CodeIgniter\Database\BaseBuilder->get()
 3 APPPATH\Controllers\CLectura.php(28): App\Models\LecturaModel->obtenerLecturasPorPlanta('21')
 4 SYSTEMPATH\CodeIgniter.php(933): App\Controllers\CLectura->visualizarDatos('21')
 5 SYSTEMPATH\CodeIgniter.php(509): CodeIgniter\CodeIgniter->runController(Object(App\Controllers\CLectura))
 6 SYSTEMPATH\CodeIgniter.php(355): CodeIgniter\CodeIgniter->handleRequest(null, Object(Config\Cache), false)
 7 SYSTEMPATH\Boot.php(312): CodeIgniter\CodeIgniter->run()
 8 SYSTEMPATH\Boot.php(67): CodeIgniter\Boot::runCodeIgniter(Object(CodeIgniter\CodeIgniter))
 9 FCPATH\index.php(56): CodeIgniter\Boot::bootWeb(Object(Config\Paths))
CRITICAL - 2024-10-30 12:45:42 --> [Caused by] CodeIgniter\Database\Exceptions\DatabaseException: Table 'tesina.lecturas_humedad' doesn't exist
in SYSTEMPATH\Database\MySQLi\Connection.php on line 313.
 1 SYSTEMPATH\Database\BaseConnection.php(722): CodeIgniter\Database\MySQLi\Connection->execute('SELECT `lh`.`fecha_hora`, `lh`.`nivel_humedad`
FROM `lecturas_humedad` `lh`
JOIN `configuracion_riego` `cr` ON `lh`.`id_dispositivo` = `cr`.`id_dispositivo`
WHERE `cr`.`id_planta` = \'21\'
ORDER BY `lh`.`fecha_hora` DESC')
 2 SYSTEMPATH\Database\BaseConnection.php(636): CodeIgniter\Database\BaseConnection->simpleQuery('SELECT `lh`.`fecha_hora`, `lh`.`nivel_humedad`
FROM `lecturas_humedad` `lh`
JOIN `configuracion_riego` `cr` ON `lh`.`id_dispositivo` = `cr`.`id_dispositivo`
WHERE `cr`.`id_planta` = \'21\'
ORDER BY `lh`.`fecha_hora` DESC')
 3 SYSTEMPATH\Database\BaseBuilder.php(1629): CodeIgniter\Database\BaseConnection->query('SELECT `lh`.`fecha_hora`, `lh`.`nivel_humedad`
FROM `lecturas_humedad` `lh`
JOIN `configuracion_riego` `cr` ON `lh`.`id_dispositivo` = `cr`.`id_dispositivo`
WHERE `cr`.`id_planta` = :cr.id_planta:
ORDER BY `lh`.`fecha_hora` DESC', [...], false)
 4 APPPATH\Models\LecturaModel.php(18): CodeIgniter\Database\BaseBuilder->get()
 5 APPPATH\Controllers\CLectura.php(28): App\Models\LecturaModel->obtenerLecturasPorPlanta('21')
 6 SYSTEMPATH\CodeIgniter.php(933): App\Controllers\CLectura->visualizarDatos('21')
 7 SYSTEMPATH\CodeIgniter.php(509): CodeIgniter\CodeIgniter->runController(Object(App\Controllers\CLectura))
 8 SYSTEMPATH\CodeIgniter.php(355): CodeIgniter\CodeIgniter->handleRequest(null, Object(Config\Cache), false)
 9 SYSTEMPATH\Boot.php(312): CodeIgniter\CodeIgniter->run()
10 SYSTEMPATH\Boot.php(67): CodeIgniter\Boot::runCodeIgniter(Object(CodeIgniter\CodeIgniter))
11 FCPATH\index.php(56): CodeIgniter\Boot::bootWeb(Object(Config\Paths))
CRITICAL - 2024-10-30 12:45:42 --> [Caused by] mysqli_sql_exception: Table 'tesina.lecturas_humedad' doesn't exist
in SYSTEMPATH\Database\MySQLi\Connection.php on line 308.
 1 SYSTEMPATH\Database\MySQLi\Connection.php(308): mysqli->query('SELECT `lh`.`fecha_hora`, `lh`.`nivel_humedad`
FROM `lecturas_humedad` `lh`
JOIN `configuracion_riego` `cr` ON `lh`.`id_dispositivo` = `cr`.`id_dispositivo`
WHERE `cr`.`id_planta` = \'21\'
ORDER BY `lh`.`fecha_hora` DESC', 0)
 2 SYSTEMPATH\Database\BaseConnection.php(722): CodeIgniter\Database\MySQLi\Connection->execute('SELECT `lh`.`fecha_hora`, `lh`.`nivel_humedad`
FROM `lecturas_humedad` `lh`
JOIN `configuracion_riego` `cr` ON `lh`.`id_dispositivo` = `cr`.`id_dispositivo`
WHERE `cr`.`id_planta` = \'21\'
ORDER BY `lh`.`fecha_hora` DESC')
 3 SYSTEMPATH\Database\BaseConnection.php(636): CodeIgniter\Database\BaseConnection->simpleQuery('SELECT `lh`.`fecha_hora`, `lh`.`nivel_humedad`
FROM `lecturas_humedad` `lh`
JOIN `configuracion_riego` `cr` ON `lh`.`id_dispositivo` = `cr`.`id_dispositivo`
WHERE `cr`.`id_planta` = \'21\'
ORDER BY `lh`.`fecha_hora` DESC')
 4 SYSTEMPATH\Database\BaseBuilder.php(1629): CodeIgniter\Database\BaseConnection->query('SELECT `lh`.`fecha_hora`, `lh`.`nivel_humedad`
FROM `lecturas_humedad` `lh`
JOIN `configuracion_riego` `cr` ON `lh`.`id_dispositivo` = `cr`.`id_dispositivo`
WHERE `cr`.`id_planta` = :cr.id_planta:
ORDER BY `lh`.`fecha_hora` DESC', [...], false)
 5 APPPATH\Models\LecturaModel.php(18): CodeIgniter\Database\BaseBuilder->get()
 6 APPPATH\Controllers\CLectura.php(28): App\Models\LecturaModel->obtenerLecturasPorPlanta('21')
 7 SYSTEMPATH\CodeIgniter.php(933): App\Controllers\CLectura->visualizarDatos('21')
 8 SYSTEMPATH\CodeIgniter.php(509): CodeIgniter\CodeIgniter->runController(Object(App\Controllers\CLectura))
 9 SYSTEMPATH\CodeIgniter.php(355): CodeIgniter\CodeIgniter->handleRequest(null, Object(Config\Cache), false)
10 SYSTEMPATH\Boot.php(312): CodeIgniter\CodeIgniter->run()
11 SYSTEMPATH\Boot.php(67): CodeIgniter\Boot::runCodeIgniter(Object(CodeIgniter\CodeIgniter))
12 FCPATH\index.php(56): CodeIgniter\Boot::bootWeb(Object(Config\Paths))
INFO - 2024-10-30 12:45:47 --> Session: Class initialized using 'CodeIgniter\Session\Handlers\FileHandler' driver.
INFO - 2024-10-30 12:46:13 --> Session: Class initialized using 'CodeIgniter\Session\Handlers\FileHandler' driver.
